[37;1;45mLogger:         	MadelineProto 8.6.0[0m
[37;1;45mLogger:         	Copyright (C) 2016-2026 Daniil Gentili[0m
[37;1;45mLogger:         	Licensed under AGPLv3[0m
[37;1;45mLogger:         	https://github.com/danog/MadelineProto[0m
[33;1mSerialization:  	Got exclusive session lock![0m
[32;1mDataCenter:     	Acquiring connect lock for 2![0m
[97;2;41mDataCenter:     	Connecting to DC 2[0m
[33;1mDataCenterConnection: 	Restoring 0 messages to DC 2[0m
[97;2;41mSession:        	Resetting session in DC 2.0 due to creating initial session...[0m
[97;2;41mConnection:     	Connecting to DC 2.0 via tcp://149.154.167.41:443 main DC 2, via ipv4 using AbridgedStream => BufferedRawStream => DefaultStream [0m
[33;1mDataCenterConnection: 	Handling auth key transition to ENCRYPTED_NOT_AUTHED_NO_LOGIN in DC 2[0m
[33;1mDataCenterConnection: 	Finished auth key transition to ENCRYPTED_NOT_AUTHED_NO_LOGIN in DC 2[0m
[97;2;41mConnection:     	Connected to DC 2.0 via tcp://149.154.167.41:443 main DC 2, via ipv4 using AbridgedStream => BufferedRawStream => DefaultStream![0m
[33;1mMTProto:        	AUTH_KEY_UNREGISTERED[0m
[33;1mAPIWrapper:     	MadelineProto is ready![0m
[33;1mSessionPaths:   	Waiting for exclusive lock of C:\AdditionalProjects\prava24\storage\app/session.madeline\ipcState.php.lock...[0m
[33;1mSessionPaths:   	Got exclusive lock of C:\AdditionalProjects\prava24\storage\app/session.madeline\ipcState.php.lock...[0m
[33;1mSessionPaths:   	Waiting for exclusive lock of C:\AdditionalProjects\prava24\storage\app/session.madeline\safe.php.lock...[0m
[33;1mSessionPaths:   	Got exclusive lock of C:\AdditionalProjects\prava24\storage\app/session.madeline\safe.php.lock...[0m
[33;1mSessionPaths:   	Waiting for exclusive lock of C:\AdditionalProjects\prava24\storage\app/session.madeline\lightState.php.lock...[0m
[33;1mSessionPaths:   	Got exclusive lock of C:\AdditionalProjects\prava24\storage\app/session.madeline\lightState.php.lock...[0m
[33;1mAPIWrapper:     	Saved session![0m
[33;1mSessionPaths:   	Waiting for exclusive lock of C:\AdditionalProjects\prava24\storage\app/session.madeline\safe.php.lock...[0m
[33;1mSessionPaths:   	Got exclusive lock of C:\AdditionalProjects\prava24\storage\app/session.madeline\safe.php.lock...[0m
[33;1mSessionPaths:   	Waiting for exclusive lock of C:\AdditionalProjects\prava24\storage\app/session.madeline\lightState.php.lock...[0m
[33;1mSessionPaths:   	Got exclusive lock of C:\AdditionalProjects\prava24\storage\app/session.madeline\lightState.php.lock...[0m
[33;1mAPIWrapper:     	Saved session![0m
[37;1;45mLogger:         	MadelineProto 8.6.0[0m
[37;1;45mLogger:         	Copyright (C) 2016-2026 Daniil Gentili[0m
[37;1;45mLogger:         	Licensed under AGPLv3[0m
[37;1;45mLogger:         	https://github.com/danog/MadelineProto[0m
[33;1mSerialization:  	Got exclusive session lock![0m
[32;1mDataCenter:     	Acquiring connect lock for 2![0m
[97;2;41mDataCenter:     	Connecting to DC 2[0m
[33;1mDataCenterConnection: 	Restoring 0 messages to DC 2[0m
[97;2;41mSession:        	Resetting session in DC 2.0 due to creating initial session...[0m
[97;2;41mConnection:     	Connecting to DC 2.0 via tcp://149.154.167.41:443 main DC 2, via ipv4 using AbridgedStream => BufferedRawStream => DefaultStream [0m
[33;1mDataCenterConnection: 	Handling auth key transition to ENCRYPTED_NOT_AUTHED_NO_LOGIN in DC 2[0m
[33;1mDataCenterConnection: 	Finished auth key transition to ENCRYPTED_NOT_AUTHED_NO_LOGIN in DC 2[0m
[97;2;41mConnection:     	Connected to DC 2.0 via tcp://149.154.167.41:443 main DC 2, via ipv4 using AbridgedStream => BufferedRawStream => DefaultStream![0m
[33;1mMTProto:        	AUTH_KEY_UNREGISTERED[0m
[33;1mAPIWrapper:     	MadelineProto is ready![0m
[33;1mSessionPaths:   	Waiting for exclusive lock of C:\AdditionalProjects\prava24\storage\app/session.madeline\ipcState.php.lock...[0m
[33;1mSessionPaths:   	Got exclusive lock of C:\AdditionalProjects\prava24\storage\app/session.madeline\ipcState.php.lock...[0m
[33;1mSessionPaths:   	Waiting for exclusive lock of C:\AdditionalProjects\prava24\storage\app/session.madeline\safe.php.lock...[0m
[33;1mSessionPaths:   	Got exclusive lock of C:\AdditionalProjects\prava24\storage\app/session.madeline\safe.php.lock...[0m
[33;1mSessionPaths:   	Waiting for exclusive lock of C:\AdditionalProjects\prava24\storage\app/session.madeline\lightState.php.lock...[0m
[33;1mSessionPaths:   	Got exclusive lock of C:\AdditionalProjects\prava24\storage\app/session.madeline\lightState.php.lock...[0m
[33;1mAPIWrapper:     	Saved session![0m
[33;1mSessionPaths:   	Waiting for exclusive lock of C:\AdditionalProjects\prava24\storage\app/session.madeline\safe.php.lock...[0m
[33;1mSessionPaths:   	Got exclusive lock of C:\AdditionalProjects\prava24\storage\app/session.madeline\safe.php.lock...[0m
[33;1mSessionPaths:   	Waiting for exclusive lock of C:\AdditionalProjects\prava24\storage\app/session.madeline\lightState.php.lock...[0m
[33;1mSessionPaths:   	Got exclusive lock of C:\AdditionalProjects\prava24\storage\app/session.madeline\lightState.php.lock...[0m
[33;1mAPIWrapper:     	Saved session![0m
[33;1mSessionPaths:   	Waiting for exclusive lock of C:\AdditionalProjects\prava24\storage\app/session.madeline\safe.php.lock...[0m
[33;1mSessionPaths:   	Got exclusive lock of C:\AdditionalProjects\prava24\storage\app/session.madeline\safe.php.lock...[0m
[33;1mSessionPaths:   	Waiting for exclusive lock of C:\AdditionalProjects\prava24\storage\app/session.madeline\lightState.php.lock...[0m
[33;1mSessionPaths:   	Got exclusive lock of C:\AdditionalProjects\prava24\storage\app/session.madeline\lightState.php.lock...[0m
[33;1mAPIWrapper:     	Saved session![0m
[33;1mSessionPaths:   	Waiting for exclusive lock of C:\AdditionalProjects\prava24\storage\app/session.madeline\safe.php.lock...[0m
[33;1mSessionPaths:   	Got exclusive lock of C:\AdditionalProjects\prava24\storage\app/session.madeline\safe.php.lock...[0m
[33;1mSessionPaths:   	Waiting for exclusive lock of C:\AdditionalProjects\prava24\storage\app/session.madeline\lightState.php.lock...[0m
[33;1mSessionPaths:   	Got exclusive lock of C:\AdditionalProjects\prava24\storage\app/session.madeline\lightState.php.lock...[0m
[33;1mAPIWrapper:     	Saved session![0m
